<?xml version="1.0" encoding="UTF-8"?>
<testng-results ignored="0" total="1" passed="1" failed="0" skipped="0">
  <reporter-output>
  </reporter-output>
  <suite started-at="2021-01-31T14:22:27 IST" name="Suite3" finished-at="2021-01-31T14:22:37 IST" duration-ms="9151">
    <groups>
    </groups>
    <test started-at="2021-01-31T14:22:27 IST" name="flipkarthometest" finished-at="2021-01-31T14:22:37 IST" duration-ms="9151">
      <class name="tc.tc_homepage2">
        <test-method signature="openhome()[pri:0, instance:tc.tc_homepage2@186f8716]" started-at="2021-01-31T14:22:27 IST" name="openhome" finished-at="2021-01-31T14:22:37 IST" duration-ms="9089" status="PASS">
          <reporter-output>
          </reporter-output>
        </test-method> <!-- openhome -->
      </class> <!-- tc.tc_homepage2 -->
    </test> <!-- flipkarthometest -->
  </suite> <!-- Suite3 -->
</testng-results>
